This is pdfTeX, Version 3.14159265-2.6-1.40.18 (TeX Live 2017/Debian) (preloaded format=latex 2019.7.17)  5 MAY 2020 18:20
entering extended mode
 restricted \write18 enabled.
 %&-line parsing enabled.
**./images.tex
(./images.tex
LaTeX2e <2017-04-15>
Babel <3.18> and hyphenation patterns for 9 language(s) loaded.

(/usr/share/texlive/texmf-dist/tex/latex/base/article.cls
Document Class: article 2014/09/29 v1.4h Standard LaTeX document class
(/usr/share/texlive/texmf-dist/tex/latex/base/size11.clo
File: size11.clo 2014/09/29 v1.4h Standard LaTeX file (size option)
)
\c@part=\count79
\c@section=\count80
\c@subsection=\count81
\c@subsubsection=\count82
\c@paragraph=\count83
\c@subparagraph=\count84
\c@figure=\count85
\c@table=\count86
\abovecaptionskip=\skip41
\belowcaptionskip=\skip42
\bibindent=\dimen102
) (/usr/share/texlive/texmf-dist/tex/latex/base/ifthen.sty
Package: ifthen 2014/09/29 v1.1c Standard LaTeX ifthen package (DPC)
) (/usr/share/texlive/texmf-dist/tex/latex/base/inputenc.sty
Package: inputenc 2015/03/17 v1.2c Input encoding file
\inpenc@prehook=\toks14
\inpenc@posthook=\toks15
(/usr/share/texlive/texmf-dist/tex/latex/base/latin1.def
File: latin1.def 2015/03/17 v1.2c Input encoding file
)) (/usr/share/texlive/texmf-dist/tex/latex/amsmath/amsmath.sty
Package: amsmath 2017/09/02 v2.17a AMS math features
\@mathmargin=\skip43
For additional information on amsmath, use the `?' option.
(/usr/share/texlive/texmf-dist/tex/latex/amsmath/amstext.sty
Package: amstext 2000/06/29 v2.01 AMS text
(/usr/share/texlive/texmf-dist/tex/latex/amsmath/amsgen.sty
File: amsgen.sty 1999/11/30 v2.0 generic functions
\@emptytoks=\toks16
\ex@=\dimen103
)) (/usr/share/texlive/texmf-dist/tex/latex/amsmath/amsbsy.sty
Package: amsbsy 1999/11/29 v1.2d Bold Symbols
\pmbraise@=\dimen104
) (/usr/share/texlive/texmf-dist/tex/latex/amsmath/amsopn.sty
Package: amsopn 2016/03/08 v2.02 operator names
)
\inf@bad=\count87
LaTeX Info: Redefining \frac on input line 213.
\uproot@=\count88
\leftroot@=\count89
LaTeX Info: Redefining \overline on input line 375.
\classnum@=\count90
\DOTSCASE@=\count91
LaTeX Info: Redefining \ldots on input line 472.
LaTeX Info: Redefining \dots on input line 475.
LaTeX Info: Redefining \cdots on input line 596.
\Mathstrutbox@=\box26
\strutbox@=\box27
\big@size=\dimen105
LaTeX Font Info:    Redeclaring font encoding OML on input line 712.
LaTeX Font Info:    Redeclaring font encoding OMS on input line 713.
\macc@depth=\count92
\c@MaxMatrixCols=\count93
\dotsspace@=\muskip10
\c@parentequation=\count94
\dspbrk@lvl=\count95
\tag@help=\toks17
\row@=\count96
\column@=\count97
\maxfields@=\count98
\andhelp@=\toks18
\eqnshift@=\dimen106
\alignsep@=\dimen107
\tagshift@=\dimen108
\tagwidth@=\dimen109
\totwidth@=\dimen110
\lineht@=\dimen111
\@envbody=\toks19
\multlinegap=\skip44
\multlinetaggap=\skip45
\mathdisplay@stack=\toks20
LaTeX Info: Redefining \[ on input line 2817.
LaTeX Info: Redefining \] on input line 2818.
) (/usr/share/texlive/texmf-dist/tex/latex/amsfonts/amsfonts.sty
Package: amsfonts 2013/01/14 v3.01 Basic AMSFonts support
\symAMSa=\mathgroup4
\symAMSb=\mathgroup5
LaTeX Font Info:    Overwriting math alphabet `\mathfrak' in version `bold'
(Font)                  U/euf/m/n --> U/euf/b/n on input line 106.
) (/usr/share/texlive/texmf-dist/tex/latex/amsfonts/amssymb.sty
Package: amssymb 2013/01/14 v3.01 AMS font symbols
) (/usr/share/texlive/texmf-dist/tex/latex/natbib/natbib.sty
Package: natbib 2010/09/13 8.31b (PWD, AO)
\bibhang=\skip46
\bibsep=\skip47
LaTeX Info: Redefining \cite on input line 694.
\c@NAT@ctr=\count99
) (/usr/share/texlive/texmf-dist/tex/latex/graphics/graphicx.sty
Package: graphicx 2017/06/01 v1.1a Enhanced LaTeX Graphics (DPC,SPQR)
(/usr/share/texlive/texmf-dist/tex/latex/graphics/keyval.sty
Package: keyval 2014/10/28 v1.15 key=value parser (DPC)
\KV@toks@=\toks21
) (/usr/share/texlive/texmf-dist/tex/latex/graphics/graphics.sty
Package: graphics 2017/06/25 v1.2c Standard LaTeX Graphics (DPC,SPQR)
(/usr/share/texlive/texmf-dist/tex/latex/graphics/trig.sty
Package: trig 2016/01/03 v1.10 sin cos tan (DPC)
) (/usr/share/texlive/texmf-dist/tex/latex/graphics-cfg/graphics.cfg
File: graphics.cfg 2016/06/04 v1.11 sample graphics configuration
)
Package graphics Info: Driver file: dvips.def on input line 99.
(/usr/share/texlive/texmf-dist/tex/latex/graphics-def/dvips.def
File: dvips.def 2017/06/20 v3.1d Graphics/color driver for dvips
))
\Gin@req@height=\dimen112
\Gin@req@width=\dimen113
) (/usr/share/texlive/texmf-dist/tex/latex/hyperref/hyperref.sty
Package: hyperref 2018/02/06 v6.86b Hypertext links for LaTeX
(/usr/share/texlive/texmf-dist/tex/generic/oberdiek/hobsub-hyperref.sty
Package: hobsub-hyperref 2016/05/16 v1.14 Bundle oberdiek, subset hyperref (HO)

(/usr/share/texlive/texmf-dist/tex/generic/oberdiek/hobsub-generic.sty
Package: hobsub-generic 2016/05/16 v1.14 Bundle oberdiek, subset generic (HO)
Package: hobsub 2016/05/16 v1.14 Construct package bundles (HO)
Package: infwarerr 2016/05/16 v1.4 Providing info/warning/error messages (HO)
Package: ltxcmds 2016/05/16 v1.23 LaTeX kernel commands for general use (HO)
Package: ifluatex 2016/05/16 v1.4 Provides the ifluatex switch (HO)
Package ifluatex Info: LuaTeX not detected.
Package: ifvtex 2016/05/16 v1.6 Detect VTeX and its facilities (HO)
Package ifvtex Info: VTeX not detected.
Package: intcalc 2016/05/16 v1.2 Expandable calculations with integers (HO)
Package: ifpdf 2017/03/15 v3.2 Provides the ifpdf switch
Package: etexcmds 2016/05/16 v1.6 Avoid name clashes with e-TeX commands (HO)
Package etexcmds Info: Could not find \expanded.
(etexcmds)             That can mean that you are not using pdfTeX 1.50 or
(etexcmds)             that some package has redefined \expanded.
(etexcmds)             In the latter case, load this package earlier.
Package: kvsetkeys 2016/05/16 v1.17 Key value parser (HO)
Package: kvdefinekeys 2016/05/16 v1.4 Define keys (HO)
Package: pdftexcmds 2018/01/21 v0.26 Utility functions of pdfTeX for LuaTeX (HO
)
Package pdftexcmds Info: LuaTeX not detected.
Package pdftexcmds Info: \pdf@primitive is available.
Package pdftexcmds Info: \pdf@ifprimitive is available.
Package pdftexcmds Info: \pdfdraftmode is ignored in DVI mode.
Package: pdfescape 2016/05/16 v1.14 Implements pdfTeX's escape features (HO)
Package: bigintcalc 2016/05/16 v1.4 Expandable calculations on big integers (HO
)
Package: bitset 2016/05/16 v1.2 Handle bit-vector datatype (HO)
Package: uniquecounter 2016/05/16 v1.3 Provide unlimited unique counter (HO)
)
Package hobsub Info: Skipping package `hobsub' (already loaded).
Package: letltxmacro 2016/05/16 v1.5 Let assignment for LaTeX macros (HO)
Package: hopatch 2016/05/16 v1.3 Wrapper for package hooks (HO)
Package: xcolor-patch 2016/05/16 xcolor patch
Package: atveryend 2016/05/16 v1.9 Hooks at the very end of document (HO)
Package atveryend Info: \enddocument detected (standard20110627).
Package: atbegshi 2016/06/09 v1.18 At begin shipout hook (HO)
Package: refcount 2016/05/16 v3.5 Data extraction from label references (HO)
Package: hycolor 2016/05/16 v1.8 Color options for hyperref/bookmark (HO)
) (/usr/share/texlive/texmf-dist/tex/generic/ifxetex/ifxetex.sty
Package: ifxetex 2010/09/12 v0.6 Provides ifxetex conditional
) (/usr/share/texlive/texmf-dist/tex/latex/oberdiek/auxhook.sty
Package: auxhook 2016/05/16 v1.4 Hooks for auxiliary files (HO)
) (/usr/share/texlive/texmf-dist/tex/latex/oberdiek/kvoptions.sty
Package: kvoptions 2016/05/16 v3.12 Key value format for package options (HO)
)
\@linkdim=\dimen114
\Hy@linkcounter=\count100
\Hy@pagecounter=\count101
(/usr/share/texlive/texmf-dist/tex/latex/hyperref/pd1enc.def
File: pd1enc.def 2018/02/06 v6.86b Hyperref: PDFDocEncoding definition (HO)
)
\Hy@SavedSpaceFactor=\count102
(/usr/share/texlive/texmf-dist/tex/latex/latexconfig/hyperref.cfg
File: hyperref.cfg 2002/06/06 v1.2 hyperref configuration of TeXLive
)
Package hyperref Info: Hyper figures OFF on input line 4509.
Package hyperref Info: Link nesting OFF on input line 4514.
Package hyperref Info: Hyper index ON on input line 4517.
Package hyperref Info: Plain pages OFF on input line 4524.
Package hyperref Info: Backreferencing OFF on input line 4529.
Package hyperref Info: Implicit mode ON; LaTeX internals redefined.
Package hyperref Info: Bookmarks ON on input line 4762.
\c@Hy@tempcnt=\count103
(/usr/share/texlive/texmf-dist/tex/latex/url/url.sty
\Urlmuskip=\muskip11
Package: url 2013/09/16  ver 3.4  Verb mode for urls, etc.
)
LaTeX Info: Redefining \url on input line 5115.
\XeTeXLinkMargin=\dimen115
\Fld@menulength=\count104
\Field@Width=\dimen116
\Fld@charsize=\dimen117
Package hyperref Info: Hyper figures OFF on input line 6369.
Package hyperref Info: Link nesting OFF on input line 6374.
Package hyperref Info: Hyper index ON on input line 6377.
Package hyperref Info: backreferencing OFF on input line 6384.
Package hyperref Info: Link coloring OFF on input line 6389.
Package hyperref Info: Link coloring with OCG OFF on input line 6394.
Package hyperref Info: PDF/A mode OFF on input line 6399.
LaTeX Info: Redefining \ref on input line 6439.
LaTeX Info: Redefining \pageref on input line 6443.
\Hy@abspage=\count105
\c@Item=\count106
\c@Hfootnote=\count107
)
Package hyperref Info: Driver (default): hdvips.
(/usr/share/texlive/texmf-dist/tex/latex/hyperref/hdvips.def
File: hdvips.def 2018/02/06 v6.86b Hyperref driver for dvips
(/usr/share/texlive/texmf-dist/tex/latex/hyperref/pdfmark.def
File: pdfmark.def 2018/02/06 v6.86b Hyperref definitions for pdfmark specials
\pdf@docset=\toks22
\pdf@box=\box28
\pdf@toks=\toks23
\pdf@defaulttoks=\toks24
\HyField@AnnotCount=\count108
\Fld@listcount=\count109
\c@bookmark@seq@number=\count110
(/usr/share/texlive/texmf-dist/tex/latex/oberdiek/rerunfilecheck.sty
Package: rerunfilecheck 2016/05/16 v1.8 Rerun checks for auxiliary files (HO)
Package uniquecounter Info: New unique counter `rerunfilecheck' on input line 2
82.
)
\Hy@SectionHShift=\skip48
)) (/usr/share/texlive/texmf-dist/tex/latex/xcolor/xcolor.sty
Package: xcolor 2016/05/11 v2.12 LaTeX color extensions (UK)
(/usr/share/texlive/texmf-dist/tex/latex/graphics-cfg/color.cfg
File: color.cfg 2016/01/02 v1.6 sample color configuration
)
Package xcolor Info: Driver file: dvips.def on input line 225.
Package xcolor Info: Model `cmy' substituted by `cmy0' on input line 1348.
Package xcolor Info: Model `RGB' extended on input line 1364.
Package xcolor Info: Model `HTML' substituted by `rgb' on input line 1366.
Package xcolor Info: Model `Hsb' substituted by `hsb' on input line 1367.
Package xcolor Info: Model `tHsb' substituted by `hsb' on input line 1368.
Package xcolor Info: Model `HSB' substituted by `hsb' on input line 1369.
Package xcolor Info: Model `Gray' substituted by `gray' on input line 1370.
Package xcolor Info: Model `wave' substituted by `hsb' on input line 1371.
)
\sizebox=\box29
\lthtmlwrite=\write3
(./images.aux)
\openout1 = `images.aux'.

LaTeX Font Info:    Checking defaults for OML/cmm/m/it on input line 135.
LaTeX Font Info:    ... okay on input line 135.
LaTeX Font Info:    Checking defaults for T1/cmr/m/n on input line 135.
LaTeX Font Info:    ... okay on input line 135.
LaTeX Font Info:    Checking defaults for OT1/cmr/m/n on input line 135.
LaTeX Font Info:    ... okay on input line 135.
LaTeX Font Info:    Checking defaults for OMS/cmsy/m/n on input line 135.
LaTeX Font Info:    ... okay on input line 135.
LaTeX Font Info:    Checking defaults for OMX/cmex/m/n on input line 135.
LaTeX Font Info:    ... okay on input line 135.
LaTeX Font Info:    Checking defaults for U/cmr/m/n on input line 135.
LaTeX Font Info:    ... okay on input line 135.
LaTeX Font Info:    Checking defaults for PD1/pdf/m/n on input line 135.
LaTeX Font Info:    ... okay on input line 135.
\AtBeginShipoutBox=\box30
Package hyperref Info: Link coloring OFF on input line 135.
(/usr/share/texlive/texmf-dist/tex/latex/hyperref/nameref.sty
Package: nameref 2016/05/21 v2.44 Cross-referencing by name of section
(/usr/share/texlive/texmf-dist/tex/generic/oberdiek/gettitlestring.sty
Package: gettitlestring 2016/05/16 v1.5 Cleanup title references (HO)
)
\c@section@level=\count111
)
LaTeX Info: Redefining \ref on input line 135.
LaTeX Info: Redefining \pageref on input line 135.
LaTeX Info: Redefining \nameref on input line 135.
\@outlinefile=\write4
\openout4 = `images.out'.


Package hyperref Warning: Rerun to get /PageLabels entry.


latex2htmlLength hsize=349.0pt

latex2htmlLength vsize=680.80026pt

latex2htmlLength hoffset=0.0pt

latex2htmlLength voffset=0.0pt

latex2htmlLength topmargin=0.0pt

latex2htmlLength topskip=0.00003pt

latex2htmlLength headheight=0.0pt

latex2htmlLength headsep=0.0pt

latex2htmlLength parskip=0.0pt plus 1.0pt

latex2htmlLength oddsidemargin=46.0pt

latex2htmlLength evensidemargin=46.0pt

LaTeX Font Info:    Try loading font information for U+msa on input line 159.
(/usr/share/texlive/texmf-dist/tex/latex/amsfonts/umsa.fd
File: umsa.fd 2013/01/14 v3.01 AMS symbols A
)
LaTeX Font Info:    Try loading font information for U+msb on input line 159.
(/usr/share/texlive/texmf-dist/tex/latex/amsfonts/umsb.fd
File: umsb.fd 2013/01/14 v3.01 AMS symbols B
)
l2hSize :tex2html_wrap_inline575:9.12923pt::0.0pt::14.82872pt.
[1



]
l2hSize :tex2html_wrap_inline579:9.12923pt::0.0pt::14.82872pt.
[2


]
l2hSize :tex2html_wrap_inline585:7.48248pt::0.0pt::9.67255pt.
[3


]
l2hSize :tex2html_wrap_inline612:7.62646pt::0.0pt::5.29759pt.
[4


]
l2hSize :tex2html_wrap_indisplay615:21.12793pt::21.12793pt::326.18617pt.
[5


]
l2hSize :tex2html_wrap_inline617:8.10416pt::8.10416pt::11.82198pt.
[6


]
l2hSize :tex2html_wrap_inline619:8.10416pt::8.10416pt::11.82198pt.
[7


]
l2hSize :tex2html_wrap_inline621:8.10416pt::8.10416pt::11.6851pt.
[8


]
l2hSize :tex2html_wrap_inline623:8.10416pt::8.10416pt::11.6851pt.
[9


]
l2hSize :tex2html_wrap_inline625:7.07185pt::0.0pt::5.79189pt.
[10


]
l2hSize :tex2html_wrap_inline627:7.60416pt::0.0pt::5.99211pt.
[11


]
l2hSize :tex2html_wrap_indisplay629:8.7125pt::8.7125pt::367.09865pt.

Overfull \hbox (21.30766pt too wide) in paragraph at lines 229--230
[]|[] 
 []

[12


]
Overfull \hbox (18.91602pt too wide) in paragraph at lines 264--264
[]\OT1/cmtt/m/n/10.95 cos(bfi) * dfi) + N413C + N4O18 + (N413C * N4O18), data =
 sites)[] 
 []


Overfull \hbox (13.16733pt too wide) in paragraph at lines 264--264
[]\OT1/cmtt/m/n/10.95 (Intercept)             82.22061   31.33283   2.624 0.009
562 **[] 
 []


Overfull \hbox (13.16733pt too wide) in paragraph at lines 264--264
[]\OT1/cmtt/m/n/10.95 sin(bfi)              -210.20784   71.62047  -2.935 0.003
846 **[] 
 []


Overfull \hbox (18.91602pt too wide) in paragraph at lines 264--264
[]\OT1/cmtt/m/n/10.95 cos(bfi)              -177.81270   39.98774  -4.447 1.66e
-05 ***[] 
 []


Overfull \hbox (7.41864pt too wide) in paragraph at lines 264--264
[]\OT1/cmtt/m/n/10.95 N413C                    4.76704    1.83176   2.602 0.010
160 *[] 
 []


Overfull \hbox (7.41864pt too wide) in paragraph at lines 264--264
[]\OT1/cmtt/m/n/10.95 sin(bfi):cos(bfi)      266.57559  104.53221   2.550 0.011
743 *[] 
 []


Overfull \hbox (7.41864pt too wide) in paragraph at lines 264--264
[]\OT1/cmtt/m/n/10.95 sin(bfi):dfi             0.07309    0.03825   1.911 0.057
884 .[] 
 []


Overfull \hbox (18.91602pt too wide) in paragraph at lines 264--264
[]\OT1/cmtt/m/n/10.95 cos(bfi):dfi             0.08389    0.02248   3.731 0.000
267 ***[] 
 []


Overfull \hbox (18.91602pt too wide) in paragraph at lines 264--264
[]\OT1/cmtt/m/n/10.95 N413C:N4O18             -6.91369    1.35223  -5.113 9.30e
-07 ***[] 
 []


Overfull \hbox (13.16733pt too wide) in paragraph at lines 264--264
[]\OT1/cmtt/m/n/10.95 sin(bfi):cos(bfi):dfi   -0.15567    0.05374  -2.897 0.004
323 **[] 
 []


Overfull \hbox (7.41864pt too wide) in paragraph at lines 264--264
[]\OT1/cmtt/m/n/10.95 Signif. codes:  0 `***' 0.001 `**' 0.01 `*' 0.05 `.' 0.1 
` ' 1[] 
 []

l2hSize :table38:381.6335pt::0.0pt::349.0pt.
[13


]
Overfull \hbox (7.41864pt too wide) in paragraph at lines 298--298
[]\OT1/cmtt/m/n/10.95 (Intercept)             83.50331   34.80066   2.399 0.017
590 *[] 
 []


Overfull \hbox (13.16733pt too wide) in paragraph at lines 298--298
[]\OT1/cmtt/m/n/10.95 sin(bfi)              -240.53570   79.48799  -3.026 0.002
896 **[] 
 []


Overfull \hbox (18.91602pt too wide) in paragraph at lines 298--298
[]\OT1/cmtt/m/n/10.95 cos(bfi)              -194.39014   44.41191  -4.377 2.19e
-05 ***[] 
 []


Overfull \hbox (13.16733pt too wide) in paragraph at lines 298--298
[]\OT1/cmtt/m/n/10.95 sin(bfi):cos(bfi)      320.60770  116.18635   2.759 0.006
479 **[] 
 []


Overfull \hbox (7.41864pt too wide) in paragraph at lines 298--298
[]\OT1/cmtt/m/n/10.95 sin(bfi):dfi             0.08894    0.04246   2.095 0.037
794 *[] 
 []


Overfull \hbox (18.91602pt too wide) in paragraph at lines 298--298
[]\OT1/cmtt/m/n/10.95 cos(bfi):dfi             0.09842    0.02488   3.957 0.000
115 ***[] 
 []


Overfull \hbox (13.16733pt too wide) in paragraph at lines 298--298
[]\OT1/cmtt/m/n/10.95 sin(bfi):cos(bfi):dfi   -0.18071    0.05978  -3.023 0.002
926 **[] 
 []


Overfull \hbox (7.41864pt too wide) in paragraph at lines 298--298
[]\OT1/cmtt/m/n/10.95 Signif. codes:  0 `***' 0.001 `**' 0.01 `*' 0.05 `.' 0.1 
` ' 1[] 
 []

l2hSize :table44:340.83348pt::0.0pt::349.0pt.
[14


]
Overfull \hbox (7.41864pt too wide) in paragraph at lines 333--333
[]\OT1/cmtt/m/n/10.95 (Intercept)             88.38490   34.18235   2.586 0.010
633 *[] 
 []


Overfull \hbox (13.16733pt too wide) in paragraph at lines 333--333
[]\OT1/cmtt/m/n/10.95 sin(bfi)              -241.04520   77.96520  -3.092 0.002
358 **[] 
 []


Overfull \hbox (18.91602pt too wide) in paragraph at lines 333--333
[]\OT1/cmtt/m/n/10.95 cos(bfi)              -186.42485   43.66207  -4.270 3.39e
-05 ***[] 
 []


Overfull \hbox (7.41864pt too wide) in paragraph at lines 333--333
[]\OT1/cmtt/m/n/10.95 dfi                     -0.03275    0.01849  -1.771 0.078
453 .[] 
 []


Overfull \hbox (13.16733pt too wide) in paragraph at lines 333--333
[]\OT1/cmtt/m/n/10.95 N413C                    4.87943    1.81924   2.682 0.008
104 **[] 
 []


Overfull \hbox (13.16733pt too wide) in paragraph at lines 333--333
[]\OT1/cmtt/m/n/10.95 sin(bfi):cos(bfi)      307.85226  114.05936   2.699 0.007
720 **[] 
 []


Overfull \hbox (7.41864pt too wide) in paragraph at lines 333--333
[]\OT1/cmtt/m/n/10.95 sin(bfi):dfi             0.08894    0.04164   2.136 0.034
263 *[] 
 []


Overfull \hbox (18.91602pt too wide) in paragraph at lines 333--333
[]\OT1/cmtt/m/n/10.95 cos(bfi):dfi             0.09253    0.02450   3.777 0.000
225 ***[] 
 []


Overfull \hbox (13.16733pt too wide) in paragraph at lines 333--333
[]\OT1/cmtt/m/n/10.95 sin(bfi):cos(bfi):dfi   -0.17388    0.05869  -2.963 0.003
528 **[] 
 []


Overfull \hbox (7.41864pt too wide) in paragraph at lines 333--333
[]\OT1/cmtt/m/n/10.95 Signif. codes:  0 `***' 0.001 `**' 0.01 `*' 0.05 `.' 0.1 
` ' 1[] 
 []

l2hSize :table50:354.43349pt::0.0pt::349.0pt.
[15


]
Overfull \hbox (7.41864pt too wide) in paragraph at lines 368--368
[]\OT1/cmtt/m/n/10.95 (Intercept)             84.37862   34.77533   2.426 0.016
390 *[] 
 []


Overfull \hbox (13.16733pt too wide) in paragraph at lines 368--368
[]\OT1/cmtt/m/n/10.95 sin(bfi)              -242.62338   79.43187  -3.054 0.002
652 **[] 
 []


Overfull \hbox (18.91602pt too wide) in paragraph at lines 368--368
[]\OT1/cmtt/m/n/10.95 cos(bfi)              -197.07508   44.43101  -4.436 1.73e
-05 ***[] 
 []


Overfull \hbox (13.16733pt too wide) in paragraph at lines 368--368
[]\OT1/cmtt/m/n/10.95 sin(bfi):cos(bfi)      321.76521  116.07802   2.772 0.006
250 **[] 
 []


Overfull \hbox (7.41864pt too wide) in paragraph at lines 368--368
[]\OT1/cmtt/m/n/10.95 sin(bfi):dfi             0.09027    0.04243   2.128 0.034
950 *[] 
 []


Overfull \hbox (18.91602pt too wide) in paragraph at lines 368--368
[]\OT1/cmtt/m/n/10.95 cos(bfi):dfi             0.09717    0.02488   3.906 0.000
139 ***[] 
 []


Overfull \hbox (13.16733pt too wide) in paragraph at lines 368--368
[]\OT1/cmtt/m/n/10.95 sin(bfi):cos(bfi):dfi   -0.18086    0.05972  -3.028 0.002
879 **[] 
 []


Overfull \hbox (7.41864pt too wide) in paragraph at lines 368--368
[]\OT1/cmtt/m/n/10.95 Signif. codes:  0 `***' 0.001 `**' 0.01 `*' 0.05 `.' 0.1 
` ' 1[] 
 []

l2hSize :table56:354.43349pt::0.0pt::349.0pt.
[16


]
l2hSize :tex2html_wrap_inline663:9.12923pt::0.0pt::5.29759pt.
[17


]
Package atveryend Info: Empty hook `BeforeClearDocument' on input line 382.
Package atveryend Info: Empty hook `AfterLastShipout' on input line 382.
(./images.aux)
Package atveryend Info: Empty hook `AtVeryEndDocument' on input line 382.
Package atveryend Info: Executing hook `AtEndAfterFileList' on input line 382.

Package rerunfilecheck Warning: File `images.out' has changed.
(rerunfilecheck)                Rerun to get outlines right
(rerunfilecheck)                or use package `bookmark'.

Package rerunfilecheck Info: Checksums for `images.out':
(rerunfilecheck)             Before: <no file>
(rerunfilecheck)             After:  D41D8CD98F00B204E9800998ECF8427E;0.
Package atveryend Info: Empty hook `AtVeryVeryEnd' on input line 382.
 ) 
Here is how much of TeX's memory you used:
 6372 strings out of 494806
 89033 string characters out of 6178026
 185874 words of memory out of 5000000
 9663 multiletter control sequences out of 15000+600000
 8456 words of font info for 33 fonts, out of 8000000 for 9000
 81 hyphenation exceptions out of 8191
 29i,5n,35p,302b,362s stack positions out of 5000i,500n,10000p,200000b,80000s

Output written on images.dvi (17 pages, 17348 bytes).
